31.7.2025, 19:54:12 - INFO - Server listening on port http://127.0.0.1:3030/
31.7.2025, 19:54:36 - INFO - Server listening on port http://127.0.0.1:3030/
31.7.2025, 19:54:41 - ERROR - Couldn't find car with _id em8lLbaba
31.7.2025, 19:54:41 - ERROR - Couldn't get car
31.7.2025, 19:55:56 - INFO - Server listening on port http://127.0.0.1:3030/
31.7.2025, 20:10:01 - INFO - Server listening on port http://127.0.0.1:3030/
31.7.2025, 20:16:41 - INFO - Server listening on port http://127.0.0.1:3030/
6.9.2025, 18:31:53 - INFO - Server is running on: http://localhost:3030/
6.9.2025, 18:32:17 - INFO - Server is running on: http://localhost:3030/
6.9.2025, 18:37:09 - INFO - Server is running on: http://localhost:3030/
6.9.2025, 18:37:14 - INFO - /api/post | GET |  | {}
6.9.2025, 18:37:17 - INFO - /api/post | GET |  | {}
6.9.2025, 18:42:59 - INFO - Server is running on: http://localhost:3030/
6.9.2025, 18:43:41 - INFO - Server is running on: http://localhost:3030/
6.9.2025, 18:44:00 - INFO - /api/post | GET |  | {}
6.9.2025, 18:45:03 - INFO - /api/post | GET |  | {}
6.9.2025, 18:46:04 - INFO - /api/post | GET |  | {}
6.9.2025, 18:46:05 - INFO - /api/post | GET |  | {}
6.9.2025, 18:46:06 - INFO - /api/post | GET |  | {}
6.9.2025, 18:47:01 - INFO - Server is running on: http://localhost:3030/
6.9.2025, 18:47:04 - INFO - /api/post | GET |  | {}
6.9.2025, 18:47:06 - INFO - /api/post | GET |  | {}
6.9.2025, 18:47:07 - INFO - /api/post | GET |  | {}
6.9.2025, 18:51:08 - INFO - Server is running on: http://localhost:3030/
6.9.2025, 18:51:25 - INFO - /api/post | GET |  | {}
6.9.2025, 18:52:34 - INFO - Server is running on: http://localhost:3030/
6.9.2025, 18:52:36 - INFO - /api/post | GET |  | {}
6.9.2025, 18:53:06 - INFO - Server is running on: http://localhost:3030/
6.9.2025, 18:53:09 - INFO - /api/post | GET |  | {}
6.9.2025, 18:59:09 - INFO - Server is running on: http://localhost:3030/
6.9.2025, 19:03:29 - INFO - /api/post | GET |  | {}
6.9.2025, 19:03:54 - INFO - /api/post | GET |  | {}
6.9.2025, 19:04:21 - INFO - /api/post | GET |  | {}
6.9.2025, 19:04:22 - INFO - /api/post | GET |  | {}
6.9.2025, 19:29:43 - INFO - /api/post | GET |  | {}
6.9.2025, 19:30:12 - INFO - /api/post | GET |  | {}
6.9.2025, 19:31:06 - INFO - /api/post | GET |  | {}
6.9.2025, 19:31:10 - INFO - /api/post | GET |  | {}
6.9.2025, 19:32:23 - INFO - /api/post | GET |  | {}
6.9.2025, 19:32:24 - INFO - /api/post | GET |  | {}
6.9.2025, 19:32:25 - INFO - /api/post | GET |  | {}
6.9.2025, 19:32:52 - INFO - /api/post | GET |  | {}
6.9.2025, 20:47:45 - INFO - /api/post | GET |  | {}
7.9.2025, 1:37:56 - INFO - /api/post | GET |  | {}
